[0.698s] DEBUG:colcon:Command line arguments: ['/home/juliedahlhjelle/.local/bin/colcon', 'build', '--symlink-install']
[0.699s] DEBUG:colcon:Parsed command line arguments: Namespace(ament_cmake_args=None, base_paths=['.'], build_base='build', catkin_cmake_args=None, catkin_skip_building_tests=False, cmake_args=None, cmake_clean_cache=False, cmake_clean_first=False, cmake_force_configure=False, cmake_target=None, cmake_target_skip_unavailable=False, continue_on_error=False, event_handlers=None, executor='parallel', ignore_user_meta=False, install_base='install', log_base=None, log_level=None, main=<bound method BuildVerb.main of <colcon_core.verb.build.BuildVerb object at 0x7fb20f897d00>>, merge_install=False, metas=['./colcon.meta'], packages_above=None, packages_above_and_dependencies=None, packages_above_depth=None, packages_end=None, packages_ignore=None, packages_ignore_regex=None, packages_select=None, packages_select_build_failed=False, packages_select_by_dep=None, packages_select_regex=None, packages_select_test_failures=False, packages_skip=None, packages_skip_build_finished=False, packages_skip_by_dep=None, packages_skip_regex=None, packages_skip_test_passed=False, packages_skip_up_to=None, packages_start=None, packages_up_to=None, packages_up_to_regex=None, parallel_workers=2, paths=None, symlink_install=True, test_result_base=None, verb_extension=<colcon_core.verb.build.BuildVerb object at 0x7fb20f897d00>, verb_name='build', verb_parser=<colcon_defaults.argument_parser.defaults.DefaultArgumentsDecorator object at 0x7fb20f8978b0>)
[0.752s] Level 1:colcon.colcon_core.package_discovery:discover_packages(colcon_meta) check parameters
[0.752s] Level 1:colcon.colcon_core.package_discovery:discover_packages(recursive) check parameters
[0.752s] Level 1:colcon.colcon_core.package_discovery:discover_packages(ignore) check parameters
[0.752s] Level 1:colcon.colcon_core.package_discovery:discover_packages(path) check parameters
[0.752s] Level 1:colcon.colcon_core.package_discovery:discover_packages(colcon_meta) discover
[0.752s] Level 1:colcon.colcon_core.package_discovery:discover_packages(recursive) discover
[0.753s] INFO:colcon.colcon_core.package_discovery:Crawling recursively for packages in '/home/juliedahlhjelle/DAS_ros2_files'
[0.753s] Level 1:colcon.colcon_core.package_identification:_identify(.) by extensions ['ignore', 'ignore_ament_install']
[0.753s] Level 1:colcon.colcon_core.package_identification:_identify(.) by extension 'ignore'
[0.753s] Level 1:colcon.colcon_core.package_identification:_identify(.) by extension 'ignore_ament_install'
[0.753s] Level 1:colcon.colcon_core.package_identification:_identify(.) by extensions ['colcon_pkg']
[0.753s] Level 1:colcon.colcon_core.package_identification:_identify(.) by extension 'colcon_pkg'
[0.753s] Level 1:colcon.colcon_core.package_identification:_identify(.) by extensions ['colcon_meta']
[0.753s] Level 1:colcon.colcon_core.package_identification:_identify(.) by extension 'colcon_meta'
[0.754s] Level 1:colcon.colcon_core.package_identification:_identify(.) by extensions ['ros']
[0.754s] Level 1:colcon.colcon_core.package_identification:_identify(.) by extension 'ros'
[0.775s] Level 1:colcon.colcon_core.package_identification:_identify(.) by extensions ['cmake', 'python']
[0.775s] Level 1:colcon.colcon_core.package_identification:_identify(.) by extension 'cmake'
[0.775s] Level 1:colcon.colcon_core.package_identification:_identify(.) by extension 'python'
[0.775s] Level 1:colcon.colcon_core.package_identification:_identify(.) by extensions ['python_setup_py']
[0.775s] Level 1:colcon.colcon_core.package_identification:_identify(.) by extension 'python_setup_py'
[0.776s] Level 1:colcon.colcon_core.package_identification:_identify(build) by extensions ['ignore', 'ignore_ament_install']
[0.776s] Level 1:colcon.colcon_core.package_identification:_identify(build) by extension 'ignore'
[0.776s] Level 1:colcon.colcon_core.package_identification:_identify(build) ignored
[0.776s] Level 1:colcon.colcon_core.package_identification:_identify(install) by extensions ['ignore', 'ignore_ament_install']
[0.776s] Level 1:colcon.colcon_core.package_identification:_identify(install) by extension 'ignore'
[0.776s] Level 1:colcon.colcon_core.package_identification:_identify(install) ignored
[0.777s] Level 1:colcon.colcon_core.package_identification:_identify(log) by extensions ['ignore', 'ignore_ament_install']
[0.777s] Level 1:colcon.colcon_core.package_identification:_identify(log) by extension 'ignore'
[0.777s] Level 1:colcon.colcon_core.package_identification:_identify(log) ignored
[0.777s] Level 1:colcon.colcon_core.package_identification:_identify(src) by extensions ['ignore', 'ignore_ament_install']
[0.777s] Level 1:colcon.colcon_core.package_identification:_identify(src) by extension 'ignore'
[0.777s] Level 1:colcon.colcon_core.package_identification:_identify(src) by extension 'ignore_ament_install'
[0.777s] Level 1:colcon.colcon_core.package_identification:_identify(src) by extensions ['colcon_pkg']
[0.778s] Level 1:colcon.colcon_core.package_identification:_identify(src) by extension 'colcon_pkg'
[0.778s] Level 1:colcon.colcon_core.package_identification:_identify(src) by extensions ['colcon_meta']
[0.778s] Level 1:colcon.colcon_core.package_identification:_identify(src) by extension 'colcon_meta'
[0.778s] Level 1:colcon.colcon_core.package_identification:_identify(src) by extensions ['ros']
[0.778s] Level 1:colcon.colcon_core.package_identification:_identify(src) by extension 'ros'
[0.778s] Level 1:colcon.colcon_core.package_identification:_identify(src) by extensions ['cmake', 'python']
[0.778s] Level 1:colcon.colcon_core.package_identification:_identify(src) by extension 'cmake'
[0.778s] Level 1:colcon.colcon_core.package_identification:_identify(src) by extension 'python'
[0.778s] Level 1:colcon.colcon_core.package_identification:_identify(src) by extensions ['python_setup_py']
[0.778s] Level 1:colcon.colcon_core.package_identification:_identify(src) by extension 'python_setup_py'
[0.779s] Level 1:colcon.colcon_core.package_identification:_identify(src/formation_control) by extensions ['ignore', 'ignore_ament_install']
[0.779s] Level 1:colcon.colcon_core.package_identification:_identify(src/formation_control) by extension 'ignore'
[0.779s] Level 1:colcon.colcon_core.package_identification:_identify(src/formation_control) by extension 'ignore_ament_install'
[0.779s] Level 1:colcon.colcon_core.package_identification:_identify(src/formation_control) by extensions ['colcon_pkg']
[0.779s] Level 1:colcon.colcon_core.package_identification:_identify(src/formation_control) by extension 'colcon_pkg'
[0.779s] Level 1:colcon.colcon_core.package_identification:_identify(src/formation_control) by extensions ['colcon_meta']
[0.779s] Level 1:colcon.colcon_core.package_identification:_identify(src/formation_control) by extension 'colcon_meta'
[0.779s] Level 1:colcon.colcon_core.package_identification:_identify(src/formation_control) by extensions ['ros']
[0.779s] Level 1:colcon.colcon_core.package_identification:_identify(src/formation_control) by extension 'ros'
[0.783s] DEBUG:colcon.colcon_core.package_identification:Package 'src/formation_control' with type 'ros.ament_python' and name 'formation_control'
[0.783s] Level 1:colcon.colcon_core.package_discovery:discover_packages(recursive) using defaults
[0.783s] Level 1:colcon.colcon_core.package_discovery:discover_packages(ignore) discover
[0.783s] Level 1:colcon.colcon_core.package_discovery:discover_packages(ignore) using defaults
[0.783s] Level 1:colcon.colcon_core.package_discovery:discover_packages(path) discover
[0.783s] Level 1:colcon.colcon_core.package_discovery:discover_packages(path) using defaults
[0.832s] Level 5:colcon.colcon_core.verb:set package 'formation_control' build argument 'cmake_args' from command line to 'None'
[0.832s] Level 5:colcon.colcon_core.verb:set package 'formation_control' build argument 'cmake_target' from command line to 'None'
[0.832s] Level 5:colcon.colcon_core.verb:set package 'formation_control' build argument 'cmake_target_skip_unavailable' from command line to 'False'
[0.832s] Level 5:colcon.colcon_core.verb:set package 'formation_control' build argument 'cmake_clean_cache' from command line to 'False'
[0.832s] Level 5:colcon.colcon_core.verb:set package 'formation_control' build argument 'cmake_clean_first' from command line to 'False'
[0.832s] Level 5:colcon.colcon_core.verb:set package 'formation_control' build argument 'cmake_force_configure' from command line to 'False'
[0.832s] Level 5:colcon.colcon_core.verb:set package 'formation_control' build argument 'ament_cmake_args' from command line to 'None'
[0.833s] Level 5:colcon.colcon_core.verb:set package 'formation_control' build argument 'catkin_cmake_args' from command line to 'None'
[0.833s] Level 5:colcon.colcon_core.verb:set package 'formation_control' build argument 'catkin_skip_building_tests' from command line to 'False'
[0.833s] DEBUG:colcon.colcon_core.verb:Building package 'formation_control' with the following arguments: {'ament_cmake_args': None, 'build_base': '/home/juliedahlhjelle/DAS_ros2_files/build/formation_control', 'catkin_cmake_args': None, 'catkin_skip_building_tests': False, 'cmake_args': None, 'cmake_clean_cache': False, 'cmake_clean_first': False, 'cmake_force_configure': False, 'cmake_target': None, 'cmake_target_skip_unavailable': False, 'install_base': '/home/juliedahlhjelle/DAS_ros2_files/install/formation_control', 'merge_install': False, 'path': '/home/juliedahlhjelle/DAS_ros2_files/src/formation_control', 'symlink_install': True, 'test_result_base': None}
[0.835s] INFO:colcon.colcon_core.executor:Executing jobs using 'parallel' executor
[0.847s] DEBUG:colcon.colcon_parallel_executor.executor.parallel:run_until_complete
[0.848s] INFO:colcon.colcon_ros.task.ament_python.build:Building ROS package in '/home/juliedahlhjelle/DAS_ros2_files/src/formation_control' with build type 'ament_python'
[0.848s] Level 1:colcon.colcon_core.shell:create_environment_hook('formation_control', 'ament_prefix_path')
[0.861s] INFO:colcon.colcon_core.plugin_system:Skipping extension 'colcon_core.shell.bat': Not used on non-Windows systems
[0.861s] INFO:colcon.colcon_core.shell:Creating environment hook '/home/juliedahlhjelle/DAS_ros2_files/install/formation_control/share/formation_control/hook/ament_prefix_path.ps1'
[0.869s] INFO:colcon.colcon_core.shell:Creating environment descriptor '/home/juliedahlhjelle/DAS_ros2_files/install/formation_control/share/formation_control/hook/ament_prefix_path.dsv'
[0.872s] INFO:colcon.colcon_core.shell:Creating environment hook '/home/juliedahlhjelle/DAS_ros2_files/install/formation_control/share/formation_control/hook/ament_prefix_path.sh'
[0.896s] INFO:colcon.colcon_core.shell:Skip shell extension 'powershell' for command environment: Not usable outside of PowerShell
[0.896s] DEBUG:colcon.colcon_core.shell:Skip shell extension 'dsv' for command environment
[1.559s] INFO:colcon.colcon_core.task.python.build:Building Python package in '/home/juliedahlhjelle/DAS_ros2_files/src/formation_control'
[1.576s] INFO:colcon.colcon_core.shell:Skip shell extension 'powershell' for command environment: Not usable outside of PowerShell
[1.576s] DEBUG:colcon.colcon_core.shell:Skip shell extension 'dsv' for command environment
[2.484s] DEBUG:colcon.colcon_core.event_handler.log_command:Invoking command in '/home/juliedahlhjelle/DAS_ros2_files/build/formation_control': PYTHONPATH=/home/juliedahlhjelle/DAS_ros2_files/build/formation_control/prefix_override:/home/juliedahlhjelle/DAS_ros2_files/install/formation_control/lib/python3.8/site-packages:${PYTHONPATH} /usr/bin/python3 setup.py develop --editable --build-directory /home/juliedahlhjelle/DAS_ros2_files/build/formation_control/build --no-deps install_data
[3.383s] Level 1:colcon.colcon_core.shell:create_environment_hook('formation_control', 'pythonpath_develop')
[3.390s] DEBUG:colcon.colcon_core.event_handler.log_command:Invoked command in '/home/juliedahlhjelle/DAS_ros2_files/build/formation_control' returned '0': PYTHONPATH=/home/juliedahlhjelle/DAS_ros2_files/build/formation_control/prefix_override:/home/juliedahlhjelle/DAS_ros2_files/install/formation_control/lib/python3.8/site-packages:${PYTHONPATH} /usr/bin/python3 setup.py develop --editable --build-directory /home/juliedahlhjelle/DAS_ros2_files/build/formation_control/build --no-deps install_data
[3.396s] INFO:colcon.colcon_core.shell:Creating environment hook '/home/juliedahlhjelle/DAS_ros2_files/build/formation_control/share/formation_control/hook/pythonpath_develop.ps1'
[3.399s] INFO:colcon.colcon_core.shell:Creating environment descriptor '/home/juliedahlhjelle/DAS_ros2_files/build/formation_control/share/formation_control/hook/pythonpath_develop.dsv'
[3.400s] INFO:colcon.colcon_core.shell:Creating environment hook '/home/juliedahlhjelle/DAS_ros2_files/build/formation_control/share/formation_control/hook/pythonpath_develop.sh'
[3.413s] Level 1:colcon.colcon_core.environment:checking '/home/juliedahlhjelle/DAS_ros2_files/install/formation_control' for CMake module files
[3.414s] Level 1:colcon.colcon_core.environment:checking '/home/juliedahlhjelle/DAS_ros2_files/install/formation_control' for CMake config files
[3.416s] Level 1:colcon.colcon_core.environment:checking '/home/juliedahlhjelle/DAS_ros2_files/install/formation_control/lib'
[3.417s] Level 1:colcon.colcon_core.environment:checking '/home/juliedahlhjelle/DAS_ros2_files/install/formation_control/bin'
[3.418s] Level 1:colcon.colcon_core.environment:checking '/home/juliedahlhjelle/DAS_ros2_files/install/formation_control/lib/pkgconfig/formation_control.pc'
[3.419s] Level 1:colcon.colcon_core.environment:checking '/home/juliedahlhjelle/DAS_ros2_files/install/formation_control/lib/python3.8/site-packages'
[3.419s] Level 1:colcon.colcon_core.shell:create_environment_hook('formation_control', 'pythonpath')
[3.425s] INFO:colcon.colcon_core.shell:Creating environment hook '/home/juliedahlhjelle/DAS_ros2_files/install/formation_control/share/formation_control/hook/pythonpath.ps1'
[3.426s] INFO:colcon.colcon_core.shell:Creating environment descriptor '/home/juliedahlhjelle/DAS_ros2_files/install/formation_control/share/formation_control/hook/pythonpath.dsv'
[3.427s] INFO:colcon.colcon_core.shell:Creating environment hook '/home/juliedahlhjelle/DAS_ros2_files/install/formation_control/share/formation_control/hook/pythonpath.sh'
[3.429s] Level 1:colcon.colcon_core.environment:checking '/home/juliedahlhjelle/DAS_ros2_files/install/formation_control/bin'
[3.429s] Level 1:colcon.colcon_core.environment:create_environment_scripts_only(formation_control)
[3.436s] INFO:colcon.colcon_core.shell:Creating package script '/home/juliedahlhjelle/DAS_ros2_files/install/formation_control/share/formation_control/package.ps1'
[3.437s] INFO:colcon.colcon_core.shell:Creating package descriptor '/home/juliedahlhjelle/DAS_ros2_files/install/formation_control/share/formation_control/package.dsv'
[3.438s] INFO:colcon.colcon_core.shell:Creating package script '/home/juliedahlhjelle/DAS_ros2_files/install/formation_control/share/formation_control/package.sh'
[3.440s] INFO:colcon.colcon_core.shell:Creating package script '/home/juliedahlhjelle/DAS_ros2_files/install/formation_control/share/formation_control/package.bash'
[3.441s] INFO:colcon.colcon_core.shell:Creating package script '/home/juliedahlhjelle/DAS_ros2_files/install/formation_control/share/formation_control/package.zsh'
[3.442s] Level 1:colcon.colcon_core.environment:create_file_with_runtime_dependencies(/home/juliedahlhjelle/DAS_ros2_files/install/formation_control/share/colcon-core/packages/formation_control)
[3.445s] DEBUG:colcon.colcon_parallel_executor.executor.parallel:closing loop
[3.446s] DEBUG:colcon.colcon_parallel_executor.executor.parallel:loop closed
[3.446s] DEBUG:colcon.colcon_parallel_executor.executor.parallel:run_until_complete finished with '0'
[3.446s] DEBUG:colcon.colcon_core.event_reactor:joining thread
[3.471s] INFO:colcon.colcon_core.plugin_system:Skipping extension 'colcon_notification.desktop_notification.terminal_notifier': Not used on non-Darwin systems
[3.471s] INFO:colcon.colcon_core.plugin_system:Skipping extension 'colcon_notification.desktop_notification.win32': Not used on non-Windows systems
[3.471s] INFO:colcon.colcon_notification.desktop_notification:Sending desktop notification using 'notify2'
[3.501s] DEBUG:colcon.colcon_core.event_reactor:joined thread
[3.510s] INFO:colcon.colcon_core.shell:Creating prefix script '/home/juliedahlhjelle/DAS_ros2_files/install/local_setup.ps1'
[3.517s] INFO:colcon.colcon_core.shell:Creating prefix util module '/home/juliedahlhjelle/DAS_ros2_files/install/_local_setup_util_ps1.py'
[3.527s] INFO:colcon.colcon_core.shell:Creating prefix chain script '/home/juliedahlhjelle/DAS_ros2_files/install/setup.ps1'
[3.537s] INFO:colcon.colcon_core.shell:Creating prefix script '/home/juliedahlhjelle/DAS_ros2_files/install/local_setup.sh'
[3.541s] INFO:colcon.colcon_core.shell:Creating prefix util module '/home/juliedahlhjelle/DAS_ros2_files/install/_local_setup_util_sh.py'
[3.542s] INFO:colcon.colcon_core.shell:Creating prefix chain script '/home/juliedahlhjelle/DAS_ros2_files/install/setup.sh'
[3.555s] INFO:colcon.colcon_core.shell:Creating prefix script '/home/juliedahlhjelle/DAS_ros2_files/install/local_setup.bash'
[3.556s] INFO:colcon.colcon_core.shell:Creating prefix chain script '/home/juliedahlhjelle/DAS_ros2_files/install/setup.bash'
[3.562s] INFO:colcon.colcon_core.shell:Creating prefix script '/home/juliedahlhjelle/DAS_ros2_files/install/local_setup.zsh'
[3.563s] INFO:colcon.colcon_core.shell:Creating prefix chain script '/home/juliedahlhjelle/DAS_ros2_files/install/setup.zsh'
