[7.817s] DEBUG:colcon:Command line arguments: ['/home/juliedahlhjelle/.local/bin/colcon', 'list', '-p', '--base-paths', '/home/juliedahlhjelle/DAS_ros2_files']
[7.817s] DEBUG:colcon:Parsed command line arguments: Namespace(base_paths=['/home/juliedahlhjelle/DAS_ros2_files'], build_base='build', ignore_user_meta=False, log_base=None, log_level=None, main=<bound method ListVerb.main of <colcon_package_information.verb.list.ListVerb object at 0x7f0067003cd0>>, metas=['./colcon.meta'], names_only=False, packages_above=None, packages_above_and_dependencies=None, packages_above_depth=None, packages_end=None, packages_ignore=None, packages_ignore_regex=None, packages_select=None, packages_select_build_failed=False, packages_select_by_dep=None, packages_select_regex=None, packages_select_test_failures=False, packages_skip=None, packages_skip_build_finished=False, packages_skip_by_dep=None, packages_skip_regex=None, packages_skip_test_passed=False, packages_skip_up_to=None, packages_start=None, packages_up_to=None, packages_up_to_regex=None, paths=None, paths_only=True, topological_graph=False, topological_graph_density=False, topological_graph_dot=False, topological_graph_dot_cluster=False, topological_graph_dot_include_skipped=False, topological_graph_legend=False, topological_order=False, verb_extension=<colcon_package_information.verb.list.ListVerb object at 0x7f0067003cd0>, verb_name='list', verb_parser=<colcon_defaults.argument_parser.defaults.DefaultArgumentsDecorator object at 0x7f0066dc6f70>)
[8.094s] Level 1:colcon.colcon_core.package_discovery:discover_packages(colcon_meta) check parameters
[8.110s] Level 1:colcon.colcon_core.package_discovery:discover_packages(recursive) check parameters
[8.114s] Level 1:colcon.colcon_core.package_discovery:discover_packages(ignore) check parameters
[8.114s] Level 1:colcon.colcon_core.package_discovery:discover_packages(path) check parameters
[8.114s] Level 1:colcon.colcon_core.package_discovery:discover_packages(recursive) discover
[8.115s] INFO:colcon.colcon_core.package_discovery:Crawling recursively for packages in '/home/juliedahlhjelle/DAS_ros2_files'
[8.115s] Level 1:colcon.colcon_core.package_identification:_identify(/home/juliedahlhjelle/DAS_ros2_files) by extensions ['ignore', 'ignore_ament_install']
[8.120s] Level 1:colcon.colcon_core.package_identification:_identify(/home/juliedahlhjelle/DAS_ros2_files) by extension 'ignore'
[8.124s] Level 1:colcon.colcon_core.package_identification:_identify(/home/juliedahlhjelle/DAS_ros2_files) by extension 'ignore_ament_install'
[8.133s] Level 1:colcon.colcon_core.package_identification:_identify(/home/juliedahlhjelle/DAS_ros2_files) by extensions ['colcon_pkg']
[8.133s] Level 1:colcon.colcon_core.package_identification:_identify(/home/juliedahlhjelle/DAS_ros2_files) by extension 'colcon_pkg'
[8.133s] Level 1:colcon.colcon_core.package_identification:_identify(/home/juliedahlhjelle/DAS_ros2_files) by extensions ['colcon_meta']
[8.134s] Level 1:colcon.colcon_core.package_identification:_identify(/home/juliedahlhjelle/DAS_ros2_files) by extension 'colcon_meta'
[8.134s] Level 1:colcon.colcon_core.package_identification:_identify(/home/juliedahlhjelle/DAS_ros2_files) by extensions ['ros']
[8.134s] Level 1:colcon.colcon_core.package_identification:_identify(/home/juliedahlhjelle/DAS_ros2_files) by extension 'ros'
[8.333s] Level 1:colcon.colcon_core.package_identification:_identify(/home/juliedahlhjelle/DAS_ros2_files) by extensions ['cmake', 'python']
[8.335s] Level 1:colcon.colcon_core.package_identification:_identify(/home/juliedahlhjelle/DAS_ros2_files) by extension 'cmake'
[8.335s] Level 1:colcon.colcon_core.package_identification:_identify(/home/juliedahlhjelle/DAS_ros2_files) by extension 'python'
[8.336s] Level 1:colcon.colcon_core.package_identification:_identify(/home/juliedahlhjelle/DAS_ros2_files) by extensions ['python_setup_py']
[8.336s] Level 1:colcon.colcon_core.package_identification:_identify(/home/juliedahlhjelle/DAS_ros2_files) by extension 'python_setup_py'
[8.336s] Level 1:colcon.colcon_core.package_identification:_identify(/home/juliedahlhjelle/DAS_ros2_files/build) by extensions ['ignore', 'ignore_ament_install']
[8.372s] Level 1:colcon.colcon_core.package_identification:_identify(/home/juliedahlhjelle/DAS_ros2_files/build) by extension 'ignore'
[8.372s] Level 1:colcon.colcon_core.package_identification:_identify(/home/juliedahlhjelle/DAS_ros2_files/build) ignored
[8.381s] Level 1:colcon.colcon_core.package_identification:_identify(/home/juliedahlhjelle/DAS_ros2_files/install) by extensions ['ignore', 'ignore_ament_install']
[8.381s] Level 1:colcon.colcon_core.package_identification:_identify(/home/juliedahlhjelle/DAS_ros2_files/install) by extension 'ignore'
[8.382s] Level 1:colcon.colcon_core.package_identification:_identify(/home/juliedahlhjelle/DAS_ros2_files/install) ignored
[8.382s] Level 1:colcon.colcon_core.package_identification:_identify(/home/juliedahlhjelle/DAS_ros2_files/log) by extensions ['ignore', 'ignore_ament_install']
[8.382s] Level 1:colcon.colcon_core.package_identification:_identify(/home/juliedahlhjelle/DAS_ros2_files/log) by extension 'ignore'
[8.382s] Level 1:colcon.colcon_core.package_identification:_identify(/home/juliedahlhjelle/DAS_ros2_files/log) ignored
[8.382s] Level 1:colcon.colcon_core.package_identification:_identify(/home/juliedahlhjelle/DAS_ros2_files/src) by extensions ['ignore', 'ignore_ament_install']
[8.390s] Level 1:colcon.colcon_core.package_identification:_identify(/home/juliedahlhjelle/DAS_ros2_files/src) by extension 'ignore'
[8.391s] Level 1:colcon.colcon_core.package_identification:_identify(/home/juliedahlhjelle/DAS_ros2_files/src) by extension 'ignore_ament_install'
[8.391s] Level 1:colcon.colcon_core.package_identification:_identify(/home/juliedahlhjelle/DAS_ros2_files/src) by extensions ['colcon_pkg']
[8.391s] Level 1:colcon.colcon_core.package_identification:_identify(/home/juliedahlhjelle/DAS_ros2_files/src) by extension 'colcon_pkg'
[8.391s] Level 1:colcon.colcon_core.package_identification:_identify(/home/juliedahlhjelle/DAS_ros2_files/src) by extensions ['colcon_meta']
[8.391s] Level 1:colcon.colcon_core.package_identification:_identify(/home/juliedahlhjelle/DAS_ros2_files/src) by extension 'colcon_meta'
[8.392s] Level 1:colcon.colcon_core.package_identification:_identify(/home/juliedahlhjelle/DAS_ros2_files/src) by extensions ['ros']
[8.392s] Level 1:colcon.colcon_core.package_identification:_identify(/home/juliedahlhjelle/DAS_ros2_files/src) by extension 'ros'
[8.392s] Level 1:colcon.colcon_core.package_identification:_identify(/home/juliedahlhjelle/DAS_ros2_files/src) by extensions ['cmake', 'python']
[8.392s] Level 1:colcon.colcon_core.package_identification:_identify(/home/juliedahlhjelle/DAS_ros2_files/src) by extension 'cmake'
[8.392s] Level 1:colcon.colcon_core.package_identification:_identify(/home/juliedahlhjelle/DAS_ros2_files/src) by extension 'python'
[8.392s] Level 1:colcon.colcon_core.package_identification:_identify(/home/juliedahlhjelle/DAS_ros2_files/src) by extensions ['python_setup_py']
[8.393s] Level 1:colcon.colcon_core.package_identification:_identify(/home/juliedahlhjelle/DAS_ros2_files/src) by extension 'python_setup_py'
[8.393s] Level 1:colcon.colcon_core.package_identification:_identify(/home/juliedahlhjelle/DAS_ros2_files/src/formation_control) by extensions ['ignore', 'ignore_ament_install']
[8.393s] Level 1:colcon.colcon_core.package_identification:_identify(/home/juliedahlhjelle/DAS_ros2_files/src/formation_control) by extension 'ignore'
[8.393s] Level 1:colcon.colcon_core.package_identification:_identify(/home/juliedahlhjelle/DAS_ros2_files/src/formation_control) by extension 'ignore_ament_install'
[8.394s] Level 1:colcon.colcon_core.package_identification:_identify(/home/juliedahlhjelle/DAS_ros2_files/src/formation_control) by extensions ['colcon_pkg']
[8.394s] Level 1:colcon.colcon_core.package_identification:_identify(/home/juliedahlhjelle/DAS_ros2_files/src/formation_control) by extension 'colcon_pkg'
[8.394s] Level 1:colcon.colcon_core.package_identification:_identify(/home/juliedahlhjelle/DAS_ros2_files/src/formation_control) by extensions ['colcon_meta']
[8.394s] Level 1:colcon.colcon_core.package_identification:_identify(/home/juliedahlhjelle/DAS_ros2_files/src/formation_control) by extension 'colcon_meta'
[8.394s] Level 1:colcon.colcon_core.package_identification:_identify(/home/juliedahlhjelle/DAS_ros2_files/src/formation_control) by extensions ['ros']
[8.394s] Level 1:colcon.colcon_core.package_identification:_identify(/home/juliedahlhjelle/DAS_ros2_files/src/formation_control) by extension 'ros'
[8.424s] DEBUG:colcon.colcon_core.package_identification:Package '/home/juliedahlhjelle/DAS_ros2_files/src/formation_control' with type 'ros.ament_python' and name 'formation_control'
[8.425s] Level 1:colcon.colcon_core.package_discovery:discover_packages(recursive) using defaults
