[0.877s] Invoking command in '/home/juliedahlhjelle/DAS_ros2_files/build/formation_control': PYTHONPATH=/home/juliedahlhjelle/DAS_ros2_files/build/formation_control/prefix_override:/home/juliedahlhjelle/DAS_ros2_files/install/formation_control/lib/python3.8/site-packages:${PYTHONPATH} /usr/bin/python3 setup.py develop --editable --build-directory /home/juliedahlhjelle/DAS_ros2_files/build/formation_control/build --no-deps install_data
[1.154s] running develop
[1.278s] running egg_info
[1.278s] creating formation_control.egg-info
[1.278s] writing formation_control.egg-info/PKG-INFO
[1.279s] writing dependency_links to formation_control.egg-info/dependency_links.txt
[1.279s] writing entry points to formation_control.egg-info/entry_points.txt
[1.280s] writing requirements to formation_control.egg-info/requires.txt
[1.280s] writing top-level names to formation_control.egg-info/top_level.txt
[1.287s] writing manifest file 'formation_control.egg-info/SOURCES.txt'
[1.318s] reading manifest file 'formation_control.egg-info/SOURCES.txt'
[1.319s] writing manifest file 'formation_control.egg-info/SOURCES.txt'
[1.357s] running build_ext
[1.359s] Creating /home/juliedahlhjelle/DAS_ros2_files/install/formation_control/lib/python3.8/site-packages/site.py
[1.362s] Creating /home/juliedahlhjelle/DAS_ros2_files/install/formation_control/lib/python3.8/site-packages/formation-control.egg-link (link to .)
[1.363s] Installing agent_i script to /home/juliedahlhjelle/DAS_ros2_files/install/formation_control/lib/formation_control
[1.364s] 
[1.364s] Installed /home/juliedahlhjelle/DAS_ros2_files/build/formation_control
[1.364s] running install_data
[1.364s] creating /home/juliedahlhjelle/DAS_ros2_files/install/formation_control/share/ament_index
[1.364s] creating /home/juliedahlhjelle/DAS_ros2_files/install/formation_control/share/ament_index/resource_index
[1.365s] creating /home/juliedahlhjelle/DAS_ros2_files/install/formation_control/share/ament_index/resource_index/packages
[1.365s] copying resource/formation_control -> /home/juliedahlhjelle/DAS_ros2_files/install/formation_control/share/ament_index/resource_index/packages
[1.365s] copying package.xml -> /home/juliedahlhjelle/DAS_ros2_files/install/formation_control/share/formation_control
[1.365s] copying launch/formation.launch.py -> /home/juliedahlhjelle/DAS_ros2_files/install/formation_control/share/formation_control
[1.410s] Invoked command in '/home/juliedahlhjelle/DAS_ros2_files/build/formation_control' returned '0': PYTHONPATH=/home/juliedahlhjelle/DAS_ros2_files/build/formation_control/prefix_override:/home/juliedahlhjelle/DAS_ros2_files/install/formation_control/lib/python3.8/site-packages:${PYTHONPATH} /usr/bin/python3 setup.py develop --editable --build-directory /home/juliedahlhjelle/DAS_ros2_files/build/formation_control/build --no-deps install_data
