[1.738s] Invoking command in '/home/juliedahlhjelle/DAS_ros2_files/build/formation_control': PYTHONPATH=/home/juliedahlhjelle/DAS_ros2_files/build/formation_control/prefix_override:/home/juliedahlhjelle/DAS_ros2_files/install/formation_control/lib/python3.8/site-packages:${PYTHONPATH} /usr/bin/python3 setup.py develop --editable --build-directory /home/juliedahlhjelle/DAS_ros2_files/build/formation_control/build --no-deps install_data
[2.197s] running develop
[2.424s] running egg_info
[2.424s] creating formation_control.egg-info
[2.426s] writing formation_control.egg-info/PKG-INFO
[2.427s] writing dependency_links to formation_control.egg-info/dependency_links.txt
[2.428s] writing entry points to formation_control.egg-info/entry_points.txt
[2.428s] writing requirements to formation_control.egg-info/requires.txt
[2.431s] writing top-level names to formation_control.egg-info/top_level.txt
[2.434s] writing manifest file 'formation_control.egg-info/SOURCES.txt'
[2.481s] reading manifest file 'formation_control.egg-info/SOURCES.txt'
[2.483s] writing manifest file 'formation_control.egg-info/SOURCES.txt'
[2.575s] running build_ext
[2.576s] Creating /home/juliedahlhjelle/DAS_ros2_files/install/formation_control/lib/python3.8/site-packages/site.py
[2.581s] Creating /home/juliedahlhjelle/DAS_ros2_files/install/formation_control/lib/python3.8/site-packages/formation-control.egg-link (link to .)
[2.584s] Installing agent_i script to /home/juliedahlhjelle/DAS_ros2_files/install/formation_control/lib/formation_control
[2.586s] Installing visualizer script to /home/juliedahlhjelle/DAS_ros2_files/install/formation_control/lib/formation_control
[2.587s] 
[2.588s] Installed /home/juliedahlhjelle/DAS_ros2_files/build/formation_control
[2.589s] running install_data
[2.589s] creating /home/juliedahlhjelle/DAS_ros2_files/install/formation_control/share/ament_index
[2.590s] creating /home/juliedahlhjelle/DAS_ros2_files/install/formation_control/share/ament_index/resource_index
[2.590s] creating /home/juliedahlhjelle/DAS_ros2_files/install/formation_control/share/ament_index/resource_index/packages
[2.591s] copying resource/formation_control -> /home/juliedahlhjelle/DAS_ros2_files/install/formation_control/share/ament_index/resource_index/packages
[2.592s] copying package.xml -> /home/juliedahlhjelle/DAS_ros2_files/install/formation_control/share/formation_control
[2.592s] copying launch/formation.launch.py -> /home/juliedahlhjelle/DAS_ros2_files/install/formation_control/share/formation_control
[2.594s] copying resource/rviz_config.rviz -> /home/juliedahlhjelle/DAS_ros2_files/install/formation_control/share/formation_control
[2.643s] Invoked command in '/home/juliedahlhjelle/DAS_ros2_files/build/formation_control' returned '0': PYTHONPATH=/home/juliedahlhjelle/DAS_ros2_files/build/formation_control/prefix_override:/home/juliedahlhjelle/DAS_ros2_files/install/formation_control/lib/python3.8/site-packages:${PYTHONPATH} /usr/bin/python3 setup.py develop --editable --build-directory /home/juliedahlhjelle/DAS_ros2_files/build/formation_control/build --no-deps install_data
