[0.750s] DEBUG:colcon:Command line arguments: ['/home/juliedahlhjelle/.local/bin/colcon', 'build', '--symlink-install']
[0.750s] DEBUG:colcon:Parsed command line arguments: Namespace(ament_cmake_args=None, base_paths=['.'], build_base='build', catkin_cmake_args=None, catkin_skip_building_tests=False, cmake_args=None, cmake_clean_cache=False, cmake_clean_first=False, cmake_force_configure=False, cmake_target=None, cmake_target_skip_unavailable=False, continue_on_error=False, event_handlers=None, executor='parallel', ignore_user_meta=False, install_base='install', log_base=None, log_level=None, main=<bound method BuildVerb.main of <colcon_core.verb.build.BuildVerb object at 0x7f80147b4580>>, merge_install=False, metas=['./colcon.meta'], packages_above=None, packages_above_and_dependencies=None, packages_above_depth=None, packages_end=None, packages_ignore=None, packages_ignore_regex=None, packages_select=None, packages_select_build_failed=False, packages_select_by_dep=None, packages_select_regex=None, packages_select_test_failures=False, packages_skip=None, packages_skip_build_finished=False, packages_skip_by_dep=None, packages_skip_regex=None, packages_skip_test_passed=False, packages_skip_up_to=None, packages_start=None, packages_up_to=None, packages_up_to_regex=None, parallel_workers=2, paths=None, symlink_install=True, test_result_base=None, verb_extension=<colcon_core.verb.build.BuildVerb object at 0x7f80147b4580>, verb_name='build', verb_parser=<colcon_defaults.argument_parser.defaults.DefaultArgumentsDecorator object at 0x7f8014e74a90>)
[0.887s] Level 1:colcon.colcon_core.package_discovery:discover_packages(colcon_meta) check parameters
[0.887s] Level 1:colcon.colcon_core.package_discovery:discover_packages(recursive) check parameters
[0.887s] Level 1:colcon.colcon_core.package_discovery:discover_packages(ignore) check parameters
[0.887s] Level 1:colcon.colcon_core.package_discovery:discover_packages(path) check parameters
[0.887s] Level 1:colcon.colcon_core.package_discovery:discover_packages(colcon_meta) discover
[0.887s] Level 1:colcon.colcon_core.package_discovery:discover_packages(recursive) discover
[0.887s] INFO:colcon.colcon_core.package_discovery:Crawling recursively for packages in '/home/juliedahlhjelle/DAS_ros2_files'
[0.888s] Level 1:colcon.colcon_core.package_identification:_identify(.) by extensions ['ignore', 'ignore_ament_install']
[0.889s] Level 1:colcon.colcon_core.package_identification:_identify(.) by extension 'ignore'
[0.889s] Level 1:colcon.colcon_core.package_identification:_identify(.) by extension 'ignore_ament_install'
[0.890s] Level 1:colcon.colcon_core.package_identification:_identify(.) by extensions ['colcon_pkg']
[0.890s] Level 1:colcon.colcon_core.package_identification:_identify(.) by extension 'colcon_pkg'
[0.890s] Level 1:colcon.colcon_core.package_identification:_identify(.) by extensions ['colcon_meta']
[0.890s] Level 1:colcon.colcon_core.package_identification:_identify(.) by extension 'colcon_meta'
[0.890s] Level 1:colcon.colcon_core.package_identification:_identify(.) by extensions ['ros']
[0.890s] Level 1:colcon.colcon_core.package_identification:_identify(.) by extension 'ros'
[0.935s] Level 1:colcon.colcon_core.package_identification:_identify(.) by extensions ['cmake', 'python']
[0.935s] Level 1:colcon.colcon_core.package_identification:_identify(.) by extension 'cmake'
[0.936s] Level 1:colcon.colcon_core.package_identification:_identify(.) by extension 'python'
[0.936s] Level 1:colcon.colcon_core.package_identification:_identify(.) by extensions ['python_setup_py']
[0.936s] Level 1:colcon.colcon_core.package_identification:_identify(.) by extension 'python_setup_py'
[0.936s] Level 1:colcon.colcon_core.package_identification:_identify(build) by extensions ['ignore', 'ignore_ament_install']
[0.936s] Level 1:colcon.colcon_core.package_identification:_identify(build) by extension 'ignore'
[0.936s] Level 1:colcon.colcon_core.package_identification:_identify(build) ignored
[0.936s] Level 1:colcon.colcon_core.package_identification:_identify(install) by extensions ['ignore', 'ignore_ament_install']
[0.936s] Level 1:colcon.colcon_core.package_identification:_identify(install) by extension 'ignore'
[0.936s] Level 1:colcon.colcon_core.package_identification:_identify(install) ignored
[0.937s] Level 1:colcon.colcon_core.package_identification:_identify(log) by extensions ['ignore', 'ignore_ament_install']
[0.937s] Level 1:colcon.colcon_core.package_identification:_identify(log) by extension 'ignore'
[0.937s] Level 1:colcon.colcon_core.package_identification:_identify(log) ignored
[0.938s] Level 1:colcon.colcon_core.package_identification:_identify(src) by extensions ['ignore', 'ignore_ament_install']
[0.938s] Level 1:colcon.colcon_core.package_identification:_identify(src) by extension 'ignore'
[0.939s] Level 1:colcon.colcon_core.package_identification:_identify(src) by extension 'ignore_ament_install'
[0.939s] Level 1:colcon.colcon_core.package_identification:_identify(src) by extensions ['colcon_pkg']
[0.939s] Level 1:colcon.colcon_core.package_identification:_identify(src) by extension 'colcon_pkg'
[0.939s] Level 1:colcon.colcon_core.package_identification:_identify(src) by extensions ['colcon_meta']
[0.939s] Level 1:colcon.colcon_core.package_identification:_identify(src) by extension 'colcon_meta'
[0.939s] Level 1:colcon.colcon_core.package_identification:_identify(src) by extensions ['ros']
[0.939s] Level 1:colcon.colcon_core.package_identification:_identify(src) by extension 'ros'
[0.939s] Level 1:colcon.colcon_core.package_identification:_identify(src) by extensions ['cmake', 'python']
[0.940s] Level 1:colcon.colcon_core.package_identification:_identify(src) by extension 'cmake'
[0.940s] Level 1:colcon.colcon_core.package_identification:_identify(src) by extension 'python'
[0.940s] Level 1:colcon.colcon_core.package_identification:_identify(src) by extensions ['python_setup_py']
[0.940s] Level 1:colcon.colcon_core.package_identification:_identify(src) by extension 'python_setup_py'
[0.940s] Level 1:colcon.colcon_core.package_identification:_identify(src/formation_control) by extensions ['ignore', 'ignore_ament_install']
[0.940s] Level 1:colcon.colcon_core.package_identification:_identify(src/formation_control) by extension 'ignore'
[0.940s] Level 1:colcon.colcon_core.package_identification:_identify(src/formation_control) by extension 'ignore_ament_install'
[0.940s] Level 1:colcon.colcon_core.package_identification:_identify(src/formation_control) by extensions ['colcon_pkg']
[0.940s] Level 1:colcon.colcon_core.package_identification:_identify(src/formation_control) by extension 'colcon_pkg'
[0.940s] Level 1:colcon.colcon_core.package_identification:_identify(src/formation_control) by extensions ['colcon_meta']
[0.941s] Level 1:colcon.colcon_core.package_identification:_identify(src/formation_control) by extension 'colcon_meta'
[0.941s] Level 1:colcon.colcon_core.package_identification:_identify(src/formation_control) by extensions ['ros']
[0.941s] Level 1:colcon.colcon_core.package_identification:_identify(src/formation_control) by extension 'ros'
[0.955s] DEBUG:colcon.colcon_core.package_identification:Package 'src/formation_control' with type 'ros.ament_python' and name 'formation_control'
[0.955s] Level 1:colcon.colcon_core.package_discovery:discover_packages(recursive) using defaults
[0.955s] Level 1:colcon.colcon_core.package_discovery:discover_packages(ignore) discover
[0.955s] Level 1:colcon.colcon_core.package_discovery:discover_packages(ignore) using defaults
[0.955s] Level 1:colcon.colcon_core.package_discovery:discover_packages(path) discover
[0.955s] Level 1:colcon.colcon_core.package_discovery:discover_packages(path) using defaults
[1.022s] Level 5:colcon.colcon_core.verb:set package 'formation_control' build argument 'cmake_args' from command line to 'None'
[1.022s] Level 5:colcon.colcon_core.verb:set package 'formation_control' build argument 'cmake_target' from command line to 'None'
[1.022s] Level 5:colcon.colcon_core.verb:set package 'formation_control' build argument 'cmake_target_skip_unavailable' from command line to 'False'
[1.022s] Level 5:colcon.colcon_core.verb:set package 'formation_control' build argument 'cmake_clean_cache' from command line to 'False'
[1.022s] Level 5:colcon.colcon_core.verb:set package 'formation_control' build argument 'cmake_clean_first' from command line to 'False'
[1.022s] Level 5:colcon.colcon_core.verb:set package 'formation_control' build argument 'cmake_force_configure' from command line to 'False'
[1.022s] Level 5:colcon.colcon_core.verb:set package 'formation_control' build argument 'ament_cmake_args' from command line to 'None'
[1.022s] Level 5:colcon.colcon_core.verb:set package 'formation_control' build argument 'catkin_cmake_args' from command line to 'None'
[1.022s] Level 5:colcon.colcon_core.verb:set package 'formation_control' build argument 'catkin_skip_building_tests' from command line to 'False'
[1.022s] DEBUG:colcon.colcon_core.verb:Building package 'formation_control' with the following arguments: {'ament_cmake_args': None, 'build_base': '/home/juliedahlhjelle/DAS_ros2_files/build/formation_control', 'catkin_cmake_args': None, 'catkin_skip_building_tests': False, 'cmake_args': None, 'cmake_clean_cache': False, 'cmake_clean_first': False, 'cmake_force_configure': False, 'cmake_target': None, 'cmake_target_skip_unavailable': False, 'install_base': '/home/juliedahlhjelle/DAS_ros2_files/install/formation_control', 'merge_install': False, 'path': '/home/juliedahlhjelle/DAS_ros2_files/src/formation_control', 'symlink_install': True, 'test_result_base': None}
[1.024s] INFO:colcon.colcon_core.executor:Executing jobs using 'parallel' executor
[1.038s] DEBUG:colcon.colcon_parallel_executor.executor.parallel:run_until_complete
[1.038s] INFO:colcon.colcon_ros.task.ament_python.build:Building ROS package in '/home/juliedahlhjelle/DAS_ros2_files/src/formation_control' with build type 'ament_python'
[1.039s] Level 1:colcon.colcon_core.shell:create_environment_hook('formation_control', 'ament_prefix_path')
[1.055s] INFO:colcon.colcon_core.plugin_system:Skipping extension 'colcon_core.shell.bat': Not used on non-Windows systems
[1.055s] INFO:colcon.colcon_core.shell:Creating environment hook '/home/juliedahlhjelle/DAS_ros2_files/install/formation_control/share/formation_control/hook/ament_prefix_path.ps1'
[1.057s] INFO:colcon.colcon_core.shell:Creating environment descriptor '/home/juliedahlhjelle/DAS_ros2_files/install/formation_control/share/formation_control/hook/ament_prefix_path.dsv'
[1.060s] INFO:colcon.colcon_core.shell:Creating environment hook '/home/juliedahlhjelle/DAS_ros2_files/install/formation_control/share/formation_control/hook/ament_prefix_path.sh'
[1.070s] INFO:colcon.colcon_core.shell:Skip shell extension 'powershell' for command environment: Not usable outside of PowerShell
[1.070s] DEBUG:colcon.colcon_core.shell:Skip shell extension 'dsv' for command environment
[1.356s] INFO:colcon.colcon_core.task.python.build:Building Python package in '/home/juliedahlhjelle/DAS_ros2_files/src/formation_control'
[1.363s] INFO:colcon.colcon_core.shell:Skip shell extension 'powershell' for command environment: Not usable outside of PowerShell
[1.363s] DEBUG:colcon.colcon_core.shell:Skip shell extension 'dsv' for command environment
[2.142s] DEBUG:colcon.colcon_core.event_handler.log_command:Invoking command in '/home/juliedahlhjelle/DAS_ros2_files/build/formation_control': PYTHONPATH=/home/juliedahlhjelle/DAS_ros2_files/build/formation_control/prefix_override:/home/juliedahlhjelle/DAS_ros2_files/install/formation_control/lib/python3.8/site-packages:${PYTHONPATH} /usr/bin/python3 setup.py develop --editable --build-directory /home/juliedahlhjelle/DAS_ros2_files/build/formation_control/build --no-deps install_data
[2.727s] Level 1:colcon.colcon_core.shell:create_environment_hook('formation_control', 'pythonpath_develop')
[2.735s] INFO:colcon.colcon_core.shell:Creating environment hook '/home/juliedahlhjelle/DAS_ros2_files/build/formation_control/share/formation_control/hook/pythonpath_develop.ps1'
[2.736s] DEBUG:colcon.colcon_core.event_handler.log_command:Invoked command in '/home/juliedahlhjelle/DAS_ros2_files/build/formation_control' returned '0': PYTHONPATH=/home/juliedahlhjelle/DAS_ros2_files/build/formation_control/prefix_override:/home/juliedahlhjelle/DAS_ros2_files/install/formation_control/lib/python3.8/site-packages:${PYTHONPATH} /usr/bin/python3 setup.py develop --editable --build-directory /home/juliedahlhjelle/DAS_ros2_files/build/formation_control/build --no-deps install_data
[2.738s] INFO:colcon.colcon_core.shell:Creating environment descriptor '/home/juliedahlhjelle/DAS_ros2_files/build/formation_control/share/formation_control/hook/pythonpath_develop.dsv'
[2.739s] INFO:colcon.colcon_core.shell:Creating environment hook '/home/juliedahlhjelle/DAS_ros2_files/build/formation_control/share/formation_control/hook/pythonpath_develop.sh'
[2.759s] Level 1:colcon.colcon_core.environment:checking '/home/juliedahlhjelle/DAS_ros2_files/install/formation_control' for CMake module files
[2.760s] Level 1:colcon.colcon_core.environment:checking '/home/juliedahlhjelle/DAS_ros2_files/install/formation_control' for CMake config files
[2.769s] Level 1:colcon.colcon_core.environment:checking '/home/juliedahlhjelle/DAS_ros2_files/install/formation_control/lib'
[2.769s] Level 1:colcon.colcon_core.environment:checking '/home/juliedahlhjelle/DAS_ros2_files/install/formation_control/bin'
[2.769s] Level 1:colcon.colcon_core.environment:checking '/home/juliedahlhjelle/DAS_ros2_files/install/formation_control/lib/pkgconfig/formation_control.pc'
[2.770s] Level 1:colcon.colcon_core.environment:checking '/home/juliedahlhjelle/DAS_ros2_files/install/formation_control/lib/python3.8/site-packages'
[2.770s] Level 1:colcon.colcon_core.shell:create_environment_hook('formation_control', 'pythonpath')
[2.778s] INFO:colcon.colcon_core.shell:Creating environment hook '/home/juliedahlhjelle/DAS_ros2_files/install/formation_control/share/formation_control/hook/pythonpath.ps1'
[2.778s] INFO:colcon.colcon_core.shell:Creating environment descriptor '/home/juliedahlhjelle/DAS_ros2_files/install/formation_control/share/formation_control/hook/pythonpath.dsv'
[2.779s] INFO:colcon.colcon_core.shell:Creating environment hook '/home/juliedahlhjelle/DAS_ros2_files/install/formation_control/share/formation_control/hook/pythonpath.sh'
[2.781s] Level 1:colcon.colcon_core.environment:checking '/home/juliedahlhjelle/DAS_ros2_files/install/formation_control/bin'
[2.781s] Level 1:colcon.colcon_core.environment:create_environment_scripts_only(formation_control)
[2.788s] INFO:colcon.colcon_core.shell:Creating package script '/home/juliedahlhjelle/DAS_ros2_files/install/formation_control/share/formation_control/package.ps1'
[2.791s] INFO:colcon.colcon_core.shell:Creating package descriptor '/home/juliedahlhjelle/DAS_ros2_files/install/formation_control/share/formation_control/package.dsv'
[2.792s] INFO:colcon.colcon_core.shell:Creating package script '/home/juliedahlhjelle/DAS_ros2_files/install/formation_control/share/formation_control/package.sh'
[2.793s] INFO:colcon.colcon_core.shell:Creating package script '/home/juliedahlhjelle/DAS_ros2_files/install/formation_control/share/formation_control/package.bash'
[2.796s] INFO:colcon.colcon_core.shell:Creating package script '/home/juliedahlhjelle/DAS_ros2_files/install/formation_control/share/formation_control/package.zsh'
[2.798s] Level 1:colcon.colcon_core.environment:create_file_with_runtime_dependencies(/home/juliedahlhjelle/DAS_ros2_files/install/formation_control/share/colcon-core/packages/formation_control)
[2.799s] DEBUG:colcon.colcon_parallel_executor.executor.parallel:closing loop
[2.799s] DEBUG:colcon.colcon_parallel_executor.executor.parallel:loop closed
[2.800s] DEBUG:colcon.colcon_parallel_executor.executor.parallel:run_until_complete finished with '0'
[2.800s] DEBUG:colcon.colcon_core.event_reactor:joining thread
[2.865s] INFO:colcon.colcon_core.plugin_system:Skipping extension 'colcon_notification.desktop_notification.terminal_notifier': Not used on non-Darwin systems
[2.869s] INFO:colcon.colcon_core.plugin_system:Skipping extension 'colcon_notification.desktop_notification.win32': Not used on non-Windows systems
[2.870s] INFO:colcon.colcon_notification.desktop_notification:Sending desktop notification using 'notify2'
[2.986s] DEBUG:colcon.colcon_core.event_reactor:joined thread
[2.991s] INFO:colcon.colcon_core.shell:Creating prefix script '/home/juliedahlhjelle/DAS_ros2_files/install/local_setup.ps1'
[3.001s] INFO:colcon.colcon_core.shell:Creating prefix util module '/home/juliedahlhjelle/DAS_ros2_files/install/_local_setup_util_ps1.py'
[3.006s] INFO:colcon.colcon_core.shell:Creating prefix chain script '/home/juliedahlhjelle/DAS_ros2_files/install/setup.ps1'
[3.019s] INFO:colcon.colcon_core.shell:Creating prefix script '/home/juliedahlhjelle/DAS_ros2_files/install/local_setup.sh'
[3.020s] INFO:colcon.colcon_core.shell:Creating prefix util module '/home/juliedahlhjelle/DAS_ros2_files/install/_local_setup_util_sh.py'
[3.021s] INFO:colcon.colcon_core.shell:Creating prefix chain script '/home/juliedahlhjelle/DAS_ros2_files/install/setup.sh'
[3.029s] INFO:colcon.colcon_core.shell:Creating prefix script '/home/juliedahlhjelle/DAS_ros2_files/install/local_setup.bash'
[3.035s] INFO:colcon.colcon_core.shell:Creating prefix chain script '/home/juliedahlhjelle/DAS_ros2_files/install/setup.bash'
[3.053s] INFO:colcon.colcon_core.shell:Creating prefix script '/home/juliedahlhjelle/DAS_ros2_files/install/local_setup.zsh'
[3.055s] INFO:colcon.colcon_core.shell:Creating prefix chain script '/home/juliedahlhjelle/DAS_ros2_files/install/setup.zsh'
