[1.372s] DEBUG:colcon:Command line arguments: ['/home/juliedahlhjelle/.local/bin/colcon', 'build', '--symlink-install']
[1.372s] DEBUG:colcon:Parsed command line arguments: Namespace(ament_cmake_args=None, base_paths=['.'], build_base='build', catkin_cmake_args=None, catkin_skip_building_tests=False, cmake_args=None, cmake_clean_cache=False, cmake_clean_first=False, cmake_force_configure=False, cmake_target=None, cmake_target_skip_unavailable=False, continue_on_error=False, event_handlers=None, executor='parallel', ignore_user_meta=False, install_base='install', log_base=None, log_level=None, main=<bound method BuildVerb.main of <colcon_core.verb.build.BuildVerb object at 0x7fba08a75dc0>>, merge_install=False, metas=['./colcon.meta'], packages_above=None, packages_above_and_dependencies=None, packages_above_depth=None, packages_end=None, packages_ignore=None, packages_ignore_regex=None, packages_select=None, packages_select_build_failed=False, packages_select_by_dep=None, packages_select_regex=None, packages_select_test_failures=False, packages_skip=None, packages_skip_build_finished=False, packages_skip_by_dep=None, packages_skip_regex=None, packages_skip_test_passed=False, packages_skip_up_to=None, packages_start=None, packages_up_to=None, packages_up_to_regex=None, parallel_workers=2, paths=None, symlink_install=True, test_result_base=None, verb_extension=<colcon_core.verb.build.BuildVerb object at 0x7fba08a75dc0>, verb_name='build', verb_parser=<colcon_defaults.argument_parser.defaults.DefaultArgumentsDecorator object at 0x7fba0907f370>)
[1.601s] Level 1:colcon.colcon_core.package_discovery:discover_packages(colcon_meta) check parameters
[1.602s] Level 1:colcon.colcon_core.package_discovery:discover_packages(recursive) check parameters
[1.602s] Level 1:colcon.colcon_core.package_discovery:discover_packages(ignore) check parameters
[1.602s] Level 1:colcon.colcon_core.package_discovery:discover_packages(path) check parameters
[1.602s] Level 1:colcon.colcon_core.package_discovery:discover_packages(colcon_meta) discover
[1.602s] Level 1:colcon.colcon_core.package_discovery:discover_packages(recursive) discover
[1.602s] INFO:colcon.colcon_core.package_discovery:Crawling recursively for packages in '/home/juliedahlhjelle/DAS_ros2_files'
[1.603s] Level 1:colcon.colcon_core.package_identification:_identify(.) by extensions ['ignore', 'ignore_ament_install']
[1.603s] Level 1:colcon.colcon_core.package_identification:_identify(.) by extension 'ignore'
[1.603s] Level 1:colcon.colcon_core.package_identification:_identify(.) by extension 'ignore_ament_install'
[1.603s] Level 1:colcon.colcon_core.package_identification:_identify(.) by extensions ['colcon_pkg']
[1.603s] Level 1:colcon.colcon_core.package_identification:_identify(.) by extension 'colcon_pkg'
[1.603s] Level 1:colcon.colcon_core.package_identification:_identify(.) by extensions ['colcon_meta']
[1.603s] Level 1:colcon.colcon_core.package_identification:_identify(.) by extension 'colcon_meta'
[1.603s] Level 1:colcon.colcon_core.package_identification:_identify(.) by extensions ['ros']
[1.604s] Level 1:colcon.colcon_core.package_identification:_identify(.) by extension 'ros'
[1.683s] Level 1:colcon.colcon_core.package_identification:_identify(.) by extensions ['cmake', 'python']
[1.684s] Level 1:colcon.colcon_core.package_identification:_identify(.) by extension 'cmake'
[1.684s] Level 1:colcon.colcon_core.package_identification:_identify(.) by extension 'python'
[1.685s] Level 1:colcon.colcon_core.package_identification:_identify(.) by extensions ['python_setup_py']
[1.685s] Level 1:colcon.colcon_core.package_identification:_identify(.) by extension 'python_setup_py'
[1.685s] Level 1:colcon.colcon_core.package_identification:_identify(build) by extensions ['ignore', 'ignore_ament_install']
[1.686s] Level 1:colcon.colcon_core.package_identification:_identify(build) by extension 'ignore'
[1.686s] Level 1:colcon.colcon_core.package_identification:_identify(build) ignored
[1.686s] Level 1:colcon.colcon_core.package_identification:_identify(install) by extensions ['ignore', 'ignore_ament_install']
[1.686s] Level 1:colcon.colcon_core.package_identification:_identify(install) by extension 'ignore'
[1.687s] Level 1:colcon.colcon_core.package_identification:_identify(install) ignored
[1.687s] Level 1:colcon.colcon_core.package_identification:_identify(log) by extensions ['ignore', 'ignore_ament_install']
[1.687s] Level 1:colcon.colcon_core.package_identification:_identify(log) by extension 'ignore'
[1.687s] Level 1:colcon.colcon_core.package_identification:_identify(log) ignored
[1.688s] Level 1:colcon.colcon_core.package_identification:_identify(src) by extensions ['ignore', 'ignore_ament_install']
[1.688s] Level 1:colcon.colcon_core.package_identification:_identify(src) by extension 'ignore'
[1.688s] Level 1:colcon.colcon_core.package_identification:_identify(src) by extension 'ignore_ament_install'
[1.688s] Level 1:colcon.colcon_core.package_identification:_identify(src) by extensions ['colcon_pkg']
[1.688s] Level 1:colcon.colcon_core.package_identification:_identify(src) by extension 'colcon_pkg'
[1.688s] Level 1:colcon.colcon_core.package_identification:_identify(src) by extensions ['colcon_meta']
[1.688s] Level 1:colcon.colcon_core.package_identification:_identify(src) by extension 'colcon_meta'
[1.689s] Level 1:colcon.colcon_core.package_identification:_identify(src) by extensions ['ros']
[1.689s] Level 1:colcon.colcon_core.package_identification:_identify(src) by extension 'ros'
[1.689s] Level 1:colcon.colcon_core.package_identification:_identify(src) by extensions ['cmake', 'python']
[1.689s] Level 1:colcon.colcon_core.package_identification:_identify(src) by extension 'cmake'
[1.689s] Level 1:colcon.colcon_core.package_identification:_identify(src) by extension 'python'
[1.689s] Level 1:colcon.colcon_core.package_identification:_identify(src) by extensions ['python_setup_py']
[1.689s] Level 1:colcon.colcon_core.package_identification:_identify(src) by extension 'python_setup_py'
[1.690s] Level 1:colcon.colcon_core.package_identification:_identify(src/formation_control) by extensions ['ignore', 'ignore_ament_install']
[1.690s] Level 1:colcon.colcon_core.package_identification:_identify(src/formation_control) by extension 'ignore'
[1.690s] Level 1:colcon.colcon_core.package_identification:_identify(src/formation_control) by extension 'ignore_ament_install'
[1.690s] Level 1:colcon.colcon_core.package_identification:_identify(src/formation_control) by extensions ['colcon_pkg']
[1.690s] Level 1:colcon.colcon_core.package_identification:_identify(src/formation_control) by extension 'colcon_pkg'
[1.691s] Level 1:colcon.colcon_core.package_identification:_identify(src/formation_control) by extensions ['colcon_meta']
[1.691s] Level 1:colcon.colcon_core.package_identification:_identify(src/formation_control) by extension 'colcon_meta'
[1.691s] Level 1:colcon.colcon_core.package_identification:_identify(src/formation_control) by extensions ['ros']
[1.691s] Level 1:colcon.colcon_core.package_identification:_identify(src/formation_control) by extension 'ros'
[1.702s] DEBUG:colcon.colcon_core.package_identification:Package 'src/formation_control' with type 'ros.ament_python' and name 'formation_control'
[1.702s] Level 1:colcon.colcon_core.package_discovery:discover_packages(recursive) using defaults
[1.702s] Level 1:colcon.colcon_core.package_discovery:discover_packages(ignore) discover
[1.702s] Level 1:colcon.colcon_core.package_discovery:discover_packages(ignore) using defaults
[1.702s] Level 1:colcon.colcon_core.package_discovery:discover_packages(path) discover
[1.702s] Level 1:colcon.colcon_core.package_discovery:discover_packages(path) using defaults
[1.804s] Level 5:colcon.colcon_core.verb:set package 'formation_control' build argument 'cmake_args' from command line to 'None'
[1.804s] Level 5:colcon.colcon_core.verb:set package 'formation_control' build argument 'cmake_target' from command line to 'None'
[1.804s] Level 5:colcon.colcon_core.verb:set package 'formation_control' build argument 'cmake_target_skip_unavailable' from command line to 'False'
[1.804s] Level 5:colcon.colcon_core.verb:set package 'formation_control' build argument 'cmake_clean_cache' from command line to 'False'
[1.805s] Level 5:colcon.colcon_core.verb:set package 'formation_control' build argument 'cmake_clean_first' from command line to 'False'
[1.805s] Level 5:colcon.colcon_core.verb:set package 'formation_control' build argument 'cmake_force_configure' from command line to 'False'
[1.805s] Level 5:colcon.colcon_core.verb:set package 'formation_control' build argument 'ament_cmake_args' from command line to 'None'
[1.805s] Level 5:colcon.colcon_core.verb:set package 'formation_control' build argument 'catkin_cmake_args' from command line to 'None'
[1.805s] Level 5:colcon.colcon_core.verb:set package 'formation_control' build argument 'catkin_skip_building_tests' from command line to 'False'
[1.805s] DEBUG:colcon.colcon_core.verb:Building package 'formation_control' with the following arguments: {'ament_cmake_args': None, 'build_base': '/home/juliedahlhjelle/DAS_ros2_files/build/formation_control', 'catkin_cmake_args': None, 'catkin_skip_building_tests': False, 'cmake_args': None, 'cmake_clean_cache': False, 'cmake_clean_first': False, 'cmake_force_configure': False, 'cmake_target': None, 'cmake_target_skip_unavailable': False, 'install_base': '/home/juliedahlhjelle/DAS_ros2_files/install/formation_control', 'merge_install': False, 'path': '/home/juliedahlhjelle/DAS_ros2_files/src/formation_control', 'symlink_install': True, 'test_result_base': None}
[1.807s] INFO:colcon.colcon_core.executor:Executing jobs using 'parallel' executor
[1.827s] DEBUG:colcon.colcon_parallel_executor.executor.parallel:run_until_complete
[1.828s] INFO:colcon.colcon_ros.task.ament_python.build:Building ROS package in '/home/juliedahlhjelle/DAS_ros2_files/src/formation_control' with build type 'ament_python'
[1.829s] Level 1:colcon.colcon_core.shell:create_environment_hook('formation_control', 'ament_prefix_path')
[1.849s] INFO:colcon.colcon_core.plugin_system:Skipping extension 'colcon_core.shell.bat': Not used on non-Windows systems
[1.849s] INFO:colcon.colcon_core.shell:Creating environment hook '/home/juliedahlhjelle/DAS_ros2_files/install/formation_control/share/formation_control/hook/ament_prefix_path.ps1'
[1.853s] INFO:colcon.colcon_core.shell:Creating environment descriptor '/home/juliedahlhjelle/DAS_ros2_files/install/formation_control/share/formation_control/hook/ament_prefix_path.dsv'
[1.855s] INFO:colcon.colcon_core.shell:Creating environment hook '/home/juliedahlhjelle/DAS_ros2_files/install/formation_control/share/formation_control/hook/ament_prefix_path.sh'
[1.869s] INFO:colcon.colcon_core.shell:Skip shell extension 'powershell' for command environment: Not usable outside of PowerShell
[1.869s] DEBUG:colcon.colcon_core.shell:Skip shell extension 'dsv' for command environment
[2.574s] INFO:colcon.colcon_core.task.python.build:Building Python package in '/home/juliedahlhjelle/DAS_ros2_files/src/formation_control'
[2.586s] INFO:colcon.colcon_core.shell:Skip shell extension 'powershell' for command environment: Not usable outside of PowerShell
[2.586s] DEBUG:colcon.colcon_core.shell:Skip shell extension 'dsv' for command environment
[3.620s] DEBUG:colcon.colcon_core.event_handler.log_command:Invoking command in '/home/juliedahlhjelle/DAS_ros2_files/build/formation_control': PYTHONPATH=/home/juliedahlhjelle/DAS_ros2_files/build/formation_control/prefix_override:/home/juliedahlhjelle/DAS_ros2_files/install/formation_control/lib/python3.8/site-packages:${PYTHONPATH} /usr/bin/python3 setup.py develop --editable --build-directory /home/juliedahlhjelle/DAS_ros2_files/build/formation_control/build --no-deps install_data
[4.633s] Level 1:colcon.colcon_core.shell:create_environment_hook('formation_control', 'pythonpath_develop')
[4.651s] INFO:colcon.colcon_core.shell:Creating environment hook '/home/juliedahlhjelle/DAS_ros2_files/build/formation_control/share/formation_control/hook/pythonpath_develop.ps1'
[4.652s] DEBUG:colcon.colcon_core.event_handler.log_command:Invoked command in '/home/juliedahlhjelle/DAS_ros2_files/build/formation_control' returned '0': PYTHONPATH=/home/juliedahlhjelle/DAS_ros2_files/build/formation_control/prefix_override:/home/juliedahlhjelle/DAS_ros2_files/install/formation_control/lib/python3.8/site-packages:${PYTHONPATH} /usr/bin/python3 setup.py develop --editable --build-directory /home/juliedahlhjelle/DAS_ros2_files/build/formation_control/build --no-deps install_data
[4.654s] INFO:colcon.colcon_core.shell:Creating environment descriptor '/home/juliedahlhjelle/DAS_ros2_files/build/formation_control/share/formation_control/hook/pythonpath_develop.dsv'
[4.655s] INFO:colcon.colcon_core.shell:Creating environment hook '/home/juliedahlhjelle/DAS_ros2_files/build/formation_control/share/formation_control/hook/pythonpath_develop.sh'
[4.679s] Level 1:colcon.colcon_core.environment:checking '/home/juliedahlhjelle/DAS_ros2_files/install/formation_control' for CMake module files
[4.680s] Level 1:colcon.colcon_core.environment:checking '/home/juliedahlhjelle/DAS_ros2_files/install/formation_control' for CMake config files
[4.684s] Level 1:colcon.colcon_core.environment:checking '/home/juliedahlhjelle/DAS_ros2_files/install/formation_control/lib'
[4.685s] Level 1:colcon.colcon_core.environment:checking '/home/juliedahlhjelle/DAS_ros2_files/install/formation_control/bin'
[4.685s] Level 1:colcon.colcon_core.environment:checking '/home/juliedahlhjelle/DAS_ros2_files/install/formation_control/lib/pkgconfig/formation_control.pc'
[4.685s] Level 1:colcon.colcon_core.environment:checking '/home/juliedahlhjelle/DAS_ros2_files/install/formation_control/lib/python3.8/site-packages'
[4.686s] Level 1:colcon.colcon_core.shell:create_environment_hook('formation_control', 'pythonpath')
[4.701s] INFO:colcon.colcon_core.shell:Creating environment hook '/home/juliedahlhjelle/DAS_ros2_files/install/formation_control/share/formation_control/hook/pythonpath.ps1'
[4.703s] INFO:colcon.colcon_core.shell:Creating environment descriptor '/home/juliedahlhjelle/DAS_ros2_files/install/formation_control/share/formation_control/hook/pythonpath.dsv'
[4.705s] INFO:colcon.colcon_core.shell:Creating environment hook '/home/juliedahlhjelle/DAS_ros2_files/install/formation_control/share/formation_control/hook/pythonpath.sh'
[4.706s] Level 1:colcon.colcon_core.environment:checking '/home/juliedahlhjelle/DAS_ros2_files/install/formation_control/bin'
[4.706s] Level 1:colcon.colcon_core.environment:create_environment_scripts_only(formation_control)
[4.717s] INFO:colcon.colcon_core.shell:Creating package script '/home/juliedahlhjelle/DAS_ros2_files/install/formation_control/share/formation_control/package.ps1'
[4.718s] INFO:colcon.colcon_core.shell:Creating package descriptor '/home/juliedahlhjelle/DAS_ros2_files/install/formation_control/share/formation_control/package.dsv'
[4.720s] INFO:colcon.colcon_core.shell:Creating package script '/home/juliedahlhjelle/DAS_ros2_files/install/formation_control/share/formation_control/package.sh'
[4.723s] INFO:colcon.colcon_core.shell:Creating package script '/home/juliedahlhjelle/DAS_ros2_files/install/formation_control/share/formation_control/package.bash'
[4.727s] INFO:colcon.colcon_core.shell:Creating package script '/home/juliedahlhjelle/DAS_ros2_files/install/formation_control/share/formation_control/package.zsh'
[4.728s] Level 1:colcon.colcon_core.environment:create_file_with_runtime_dependencies(/home/juliedahlhjelle/DAS_ros2_files/install/formation_control/share/colcon-core/packages/formation_control)
[4.730s] DEBUG:colcon.colcon_parallel_executor.executor.parallel:closing loop
[4.731s] DEBUG:colcon.colcon_parallel_executor.executor.parallel:loop closed
[4.731s] DEBUG:colcon.colcon_parallel_executor.executor.parallel:run_until_complete finished with '0'
[4.731s] DEBUG:colcon.colcon_core.event_reactor:joining thread
[4.769s] INFO:colcon.colcon_core.plugin_system:Skipping extension 'colcon_notification.desktop_notification.terminal_notifier': Not used on non-Darwin systems
[4.769s] INFO:colcon.colcon_core.plugin_system:Skipping extension 'colcon_notification.desktop_notification.win32': Not used on non-Windows systems
[4.769s] INFO:colcon.colcon_notification.desktop_notification:Sending desktop notification using 'notify2'
[4.844s] DEBUG:colcon.colcon_core.event_reactor:joined thread
[4.850s] INFO:colcon.colcon_core.shell:Creating prefix script '/home/juliedahlhjelle/DAS_ros2_files/install/local_setup.ps1'
[4.856s] INFO:colcon.colcon_core.shell:Creating prefix util module '/home/juliedahlhjelle/DAS_ros2_files/install/_local_setup_util_ps1.py'
[4.862s] INFO:colcon.colcon_core.shell:Creating prefix chain script '/home/juliedahlhjelle/DAS_ros2_files/install/setup.ps1'
[4.871s] INFO:colcon.colcon_core.shell:Creating prefix script '/home/juliedahlhjelle/DAS_ros2_files/install/local_setup.sh'
[4.872s] INFO:colcon.colcon_core.shell:Creating prefix util module '/home/juliedahlhjelle/DAS_ros2_files/install/_local_setup_util_sh.py'
[4.874s] INFO:colcon.colcon_core.shell:Creating prefix chain script '/home/juliedahlhjelle/DAS_ros2_files/install/setup.sh'
[4.888s] INFO:colcon.colcon_core.shell:Creating prefix script '/home/juliedahlhjelle/DAS_ros2_files/install/local_setup.bash'
[4.889s] INFO:colcon.colcon_core.shell:Creating prefix chain script '/home/juliedahlhjelle/DAS_ros2_files/install/setup.bash'
[4.908s] INFO:colcon.colcon_core.shell:Creating prefix script '/home/juliedahlhjelle/DAS_ros2_files/install/local_setup.zsh'
[4.912s] INFO:colcon.colcon_core.shell:Creating prefix chain script '/home/juliedahlhjelle/DAS_ros2_files/install/setup.zsh'
